Using pre-set license
Built from '2020.3/staging' branch; Version is '2020.3.38f1 (8f5fde82e2dc) revision 9396190'; Using compiler version '192528614'; Build Type 'Release'
OS: 'Windows 11  (10.0.22000) 64bit Professional' Language: 'es' Physical Memory: 14488 MB
BatchMode: 1, IsHumanControllingUs: 0, StartBugReporterOnCrash: 0, Is64bit: 1, IsPro: 0

COMMAND LINE ARGUMENTS:
C:\Program Files\Unity\Hub\Editor\2020.3.38f1\Editor\Unity.exe
-adb2
-batchMode
-noUpm
-name
AssetImportWorker0
-projectPath
D:/Repositorios/Tumba-Sprite-Shit/TumbaSpriteShit
-logFile
Logs/AssetImportWorker0.log
-srvPort
52526
Successfully changed project path to: D:/Repositorios/Tumba-Sprite-Shit/TumbaSpriteShit
D:/Repositorios/Tumba-Sprite-Shit/TumbaSpriteShit
Using Asset Import Pipeline V2.
Refreshing native plugins compatible for Editor in 84.81 ms, found 3 plugins.
Preloading 0 native plugins for Editor in 0.00 ms.
Initialize engine version: 2020.3.38f1 (8f5fde82e2dc)
[Subsystems] Discovering subsystems at path C:/Program Files/Unity/Hub/Editor/2020.3.38f1/Editor/Data/Resources/UnitySubsystems
[Subsystems] Discovering subsystems at path D:/Repositorios/Tumba-Sprite-Shit/TumbaSpriteShit/Assets
GfxDevice: creating device client; threaded=0
Direct3D:
    Version:  Direct3D 11.0 [level 11.1]
    Renderer: Intel(R) UHD Graphics 620 (ID=0x3ea0)
    Vendor:   
    VRAM:     7244 MB
    Driver:   30.0.101.1660
Initialize mono
Mono path[0] = 'C:/Program Files/Unity/Hub/Editor/2020.3.38f1/Editor/Data/Managed'
Mono path[1] = 'C:/Program Files/Unity/Hub/Editor/2020.3.38f1/Editor/Data/MonoBleedingEdge/lib/mono/unityjit'
Mono config path = 'C:/Program Files/Unity/Hub/Editor/2020.3.38f1/Editor/Data/MonoBleedingEdge/etc'
Using monoOptions --debugger-agent=transport=dt_socket,embedding=1,server=y,suspend=n,address=127.0.0.1:56628
Begin MonoManager ReloadAssembly
Registering precompiled unity dll's ...
Register platform support module: C:/Program Files/Unity/Hub/Editor/2020.3.38f1/Editor/Data/PlaybackEngines/WindowsStandaloneSupport/UnityEditor.WindowsStandalone.Extensions.dll
Registered in 0.001189 seconds.
Native extension for WindowsStandalone target not found
Refreshing native plugins compatible for Editor in 47.57 ms, found 3 plugins.
Preloading 0 native plugins for Editor in 0.00 ms.
Mono: successfully reloaded assembly
- Completed reload, in  0.619 seconds
Domain Reload Profiling:
	ReloadAssembly (619ms)
		BeginReloadAssembly (64ms)
			ExecutionOrderSort (0ms)
			DisableScriptedObjects (0ms)
			BackupInstance (0ms)
			ReleaseScriptingObjects (0ms)
			CreateAndSetChildDomain (1ms)
		EndReloadAssembly (482ms)
			LoadAssemblies (62ms)
			RebuildTransferFunctionScriptingTraits (0ms)
			SetupTypeCache (158ms)
			ReleaseScriptCaches (0ms)
			RebuildScriptCaches (34ms)
			SetupLoadedEditorAssemblies (184ms)
				LogAssemblyErrors (0ms)
				InitializePlatformSupportModulesInManaged (5ms)
				SetLoadedEditorAssemblies (0ms)
				RefreshPlugins (48ms)
				BeforeProcessingInitializeOnLoad (10ms)
				ProcessInitializeOnLoadAttributes (90ms)
				ProcessInitializeOnLoadMethodAttributes (31ms)
				AfterProcessingInitializeOnLoad (0ms)
				EditorAssembliesLoaded (0ms)
			ExecutionOrderSort2 (0ms)
			AwakeInstancesAfterBackupRestoration (0ms)
Platform modules already initialized, skipping
Registering precompiled user dll's ...
Registered in 0.001883 seconds.
Begin MonoManager ReloadAssembly
Native extension for WindowsStandalone target not found
Refreshing native plugins compatible for Editor in 50.65 ms, found 3 plugins.
Preloading 0 native plugins for Editor in 0.00 ms.
Mono: successfully reloaded assembly
- Completed reload, in  1.149 seconds
Domain Reload Profiling:
	ReloadAssembly (1150ms)
		BeginReloadAssembly (153ms)
			ExecutionOrderSort (0ms)
			DisableScriptedObjects (5ms)
			BackupInstance (0ms)
			ReleaseScriptingObjects (0ms)
			CreateAndSetChildDomain (20ms)
		EndReloadAssembly (934ms)
			LoadAssemblies (91ms)
			RebuildTransferFunctionScriptingTraits (0ms)
			SetupTypeCache (312ms)
			ReleaseScriptCaches (1ms)
			RebuildScriptCaches (52ms)
			SetupLoadedEditorAssemblies (357ms)
				LogAssemblyErrors (0ms)
				InitializePlatformSupportModulesInManaged (3ms)
				SetLoadedEditorAssemblies (0ms)
				RefreshPlugins (51ms)
				BeforeProcessingInitializeOnLoad (68ms)
				ProcessInitializeOnLoadAttributes (208ms)
				ProcessInitializeOnLoadMethodAttributes (22ms)
				AfterProcessingInitializeOnLoad (4ms)
				EditorAssembliesLoaded (0ms)
			ExecutionOrderSort2 (0ms)
			AwakeInstancesAfterBackupRestoration (2ms)
Platform modules already initialized, skipping
========================================================================
Worker process is ready to serve import requests
Launched and connected shader compiler UnityShaderCompiler.exe after 0.03 seconds
Refreshing native plugins compatible for Editor in 0.64 ms, found 3 plugins.
Preloading 0 native plugins for Editor in 0.00 ms.
Unloading 2215 Unused Serialized files (Serialized files now loaded: 0)
System memory in use before: 97.4 MB.
System memory in use after: 97.3 MB.

Unloading 31 unused Assets to reduce memory usage. Loaded Objects now: 2647.
Total: 3.564400 ms (FindLiveObjects: 0.206800 ms CreateObjectMapping: 0.088900 ms MarkObjects: 3.087300 ms  DeleteObjects: 0.180500 ms)

AssetImportParameters requested are different than current active one (requested -> active):
  custom:framework-win-MediaFoundation: 216162199b28c13a410421893ffa2e32 -> 
  custom:video-decoder-ogg-theora: a1e56fd34408186e4bbccfd4996cb3dc -> 
  custom:container-muxer-webm: aa71ff27fc2769a1b78a27578f13a17b -> 
  custom:container-demuxer-webm: 4f35f7cbe854078d1ac9338744f61a02 -> 
  custom:container-demuxer-ogg: 62fdf1f143b41e24485cea50d1cbac27 -> 
  custom:video-encoder-webm-vp8: eb34c28f22e8b96e1ab97ce403110664 -> 
  custom:video-decoder-webm-vp8: 9c59270c3fd7afecdb556c50c9e8de78 -> 
  custom:audio-decoder-ogg-vorbis: bf7c407c2cedff20999df2af8eb42d56 -> 
  custom:audio-encoder-webm-vorbis: bf7c407c2cedff20999df2af8eb42d56 -> 
========================================================================
Received Import Request.
  path: Assets/Images/FlashyLoops/SuicideLoops/PsychoScreens_0001_Layer-12.png
  artifactKey: Guid(d052c18504415e947932ca0af49766a0) Importer(815301076,1909f56bfc062723c751e8b465ee728b)
Start importing Assets/Images/FlashyLoops/SuicideLoops/PsychoScreens_0001_Layer-12.png using Guid(d052c18504415e947932ca0af49766a0) Importer(815301076,1909f56bfc062723c751e8b465ee728b)  -> (artifact id: '81a600bf7c2a161d38a74f79a915c1c4') in 0.121149 seconds 
========================================================================
Received Import Request.
  Time since last request: 0.003395 seconds.
  path: Assets/Images/FlashyLoops/SuicideLoops/PsychoScreens_0014_mikey.png
  artifactKey: Guid(5158095e1b4bfde4a9d9316a15397661) Importer(815301076,1909f56bfc062723c751e8b465ee728b)
Start importing Assets/Images/FlashyLoops/SuicideLoops/PsychoScreens_0014_mikey.png using Guid(5158095e1b4bfde4a9d9316a15397661) Importer(815301076,1909f56bfc062723c751e8b465ee728b)  -> (artifact id: 'd436640903ed0fc64768adfacf07d088') in 0.047585 seconds 
========================================================================
Received Import Request.
  Time since last request: 0.000958 seconds.
  path: Assets/Images/FlashyLoops/SuicideLoops/PsychoScreens_0011_Layer-2.png
  artifactKey: Guid(9357c8c83f7f5fd4fa835e8442f76e27) Importer(815301076,1909f56bfc062723c751e8b465ee728b)
Start importing Assets/Images/FlashyLoops/SuicideLoops/PsychoScreens_0011_Layer-2.png using Guid(9357c8c83f7f5fd4fa835e8442f76e27) Importer(815301076,1909f56bfc062723c751e8b465ee728b)  -> (artifact id: '1ef045937407ef0580b84722525d967c') in 0.041391 seconds 
========================================================================
Received Import Request.
  Time since last request: 0.000963 seconds.
  path: Assets/Images/FlashyLoops/SuicideLoops/PsychoScreens_0006_Layer-7.png
  artifactKey: Guid(690157ae2b3d53e40aaf658677316b94) Importer(815301076,1909f56bfc062723c751e8b465ee728b)
Start importing Assets/Images/FlashyLoops/SuicideLoops/PsychoScreens_0006_Layer-7.png using Guid(690157ae2b3d53e40aaf658677316b94) Importer(815301076,1909f56bfc062723c751e8b465ee728b)  -> (artifact id: 'fd54c53f9f3dd4c9052678c3d2839d9b') in 0.041164 seconds 
========================================================================
Received Import Request.
  Time since last request: 0.000936 seconds.
  path: Assets/Images/FlashyLoops/SuicideLoops/PsychoScreens_0013_arnold1.png
  artifactKey: Guid(07bb26548f6665c4c935121530000771) Importer(815301076,1909f56bfc062723c751e8b465ee728b)
Start importing Assets/Images/FlashyLoops/SuicideLoops/PsychoScreens_0013_arnold1.png using Guid(07bb26548f6665c4c935121530000771) Importer(815301076,1909f56bfc062723c751e8b465ee728b)  -> (artifact id: 'f6d4978b4cc726a51224a7120e5f28d7') in 0.036575 seconds 
========================================================================
Received Import Request.
  Time since last request: 0.000333 seconds.
  path: Assets/Images/FlashyLoops/SuicideLoops/PsychoScreens_0002_Layer-11.png
  artifactKey: Guid(17fbe0022add9a247b51736121e444f2) Importer(815301076,1909f56bfc062723c751e8b465ee728b)
Start importing Assets/Images/FlashyLoops/SuicideLoops/PsychoScreens_0002_Layer-11.png using Guid(17fbe0022add9a247b51736121e444f2) Importer(815301076,1909f56bfc062723c751e8b465ee728b)  -> (artifact id: '7ce253b63e924b3a1cf2ab7e6dc4452a') in 0.039785 seconds 
========================================================================
Received Import Request.
  Time since last request: 0.000509 seconds.
  path: Assets/Images/FlashyLoops/SuicideLoops/PsychoScreens_0003_Layer-10.png
  artifactKey: Guid(b7616a75dbfd89e4fa4ee59671326da7) Importer(815301076,1909f56bfc062723c751e8b465ee728b)
Start importing Assets/Images/FlashyLoops/SuicideLoops/PsychoScreens_0003_Layer-10.png using Guid(b7616a75dbfd89e4fa4ee59671326da7) Importer(815301076,1909f56bfc062723c751e8b465ee728b)  -> (artifact id: '31b6c1cf26f86f6ac98b917dcb61ea9a') in 0.034822 seconds 
========================================================================
Received Import Request.
  Time since last request: 0.000420 seconds.
  path: Assets/Images/FlashyLoops/SuicideLoops/PsychoScreens_0005_Layer-8.png
  artifactKey: Guid(8b15532b0ab6689418eff693a2c7bac2) Importer(815301076,1909f56bfc062723c751e8b465ee728b)
Start importing Assets/Images/FlashyLoops/SuicideLoops/PsychoScreens_0005_Layer-8.png using Guid(8b15532b0ab6689418eff693a2c7bac2) Importer(815301076,1909f56bfc062723c751e8b465ee728b)  -> (artifact id: '377e9566f97a0fd5d60a82713a05290f') in 0.033832 seconds 
========================================================================
Received Import Request.
  Time since last request: 0.000870 seconds.
  path: Assets/Images/FlashyLoops/SuicideLoops/PsychoScreens_0008_Layer-5.png
  artifactKey: Guid(081a59a1f88fea247a17c508f94cfca3) Importer(815301076,1909f56bfc062723c751e8b465ee728b)
Start importing Assets/Images/FlashyLoops/SuicideLoops/PsychoScreens_0008_Layer-5.png using Guid(081a59a1f88fea247a17c508f94cfca3) Importer(815301076,1909f56bfc062723c751e8b465ee728b)  -> (artifact id: 'd01f32601c463b7b40f5ad5642836d54') in 0.041475 seconds 
========================================================================
Received Import Request.
  Time since last request: 0.000519 seconds.
  path: Assets/Images/FlashyLoops/SuicideLoops/PsychoScreens_0010_Layer-3.png
  artifactKey: Guid(de2a12695fd2e97469dc8c80b89a3293) Importer(815301076,1909f56bfc062723c751e8b465ee728b)
Start importing Assets/Images/FlashyLoops/SuicideLoops/PsychoScreens_0010_Layer-3.png using Guid(de2a12695fd2e97469dc8c80b89a3293) Importer(815301076,1909f56bfc062723c751e8b465ee728b)  -> (artifact id: '229ae9ad13c90570321494ccd4caa0af') in 0.033069 seconds 
========================================================================
Received Import Request.
  Time since last request: 0.000502 seconds.
  path: Assets/Images/FlashyLoops/SuicideLoops/PsychoScreens_0000_Layer-13.png
  artifactKey: Guid(723a9ef8a0a85c644831d8d6d2c841ba) Importer(815301076,1909f56bfc062723c751e8b465ee728b)
Start importing Assets/Images/FlashyLoops/SuicideLoops/PsychoScreens_0000_Layer-13.png using Guid(723a9ef8a0a85c644831d8d6d2c841ba) Importer(815301076,1909f56bfc062723c751e8b465ee728b)  -> (artifact id: '708a3c81983905b085b81bc40e7a33ef') in 0.039315 seconds 
========================================================================
Received Import Request.
  Time since last request: 0.000415 seconds.
  path: Assets/Images/FlashyLoops/SuicideLoops/PsychoScreens_0015_ronald.png
  artifactKey: Guid(4d0368b1e32c09a46b3c11aa974c0607) Importer(815301076,1909f56bfc062723c751e8b465ee728b)
Start importing Assets/Images/FlashyLoops/SuicideLoops/PsychoScreens_0015_ronald.png using Guid(4d0368b1e32c09a46b3c11aa974c0607) Importer(815301076,1909f56bfc062723c751e8b465ee728b)  -> (artifact id: '263cd477db2db6fb68ce19f9eb0e70a6') in 0.029563 seconds 
========================================================================
Received Import Request.
  Time since last request: 0.000431 seconds.
  path: Assets/Images/FlashyLoops/SuicideLoops/PsychoScreens_0004_Layer-9.png
  artifactKey: Guid(73c5ee8c2c161fc4c93f9940694c1389) Importer(815301076,1909f56bfc062723c751e8b465ee728b)
Start importing Assets/Images/FlashyLoops/SuicideLoops/PsychoScreens_0004_Layer-9.png using Guid(73c5ee8c2c161fc4c93f9940694c1389) Importer(815301076,1909f56bfc062723c751e8b465ee728b)  -> (artifact id: '4d0c4a01cc9516d13962d5fb7001b667') in 0.044955 seconds 
========================================================================
Received Import Request.
  Time since last request: 0.000282 seconds.
  path: Assets/Images/FlashyLoops/SuicideLoops/PsychoScreens_0012_Layer-1.png
  artifactKey: Guid(7dcdb303f2d7999498ca244e667cd2a3) Importer(815301076,1909f56bfc062723c751e8b465ee728b)
Start importing Assets/Images/FlashyLoops/SuicideLoops/PsychoScreens_0012_Layer-1.png using Guid(7dcdb303f2d7999498ca244e667cd2a3) Importer(815301076,1909f56bfc062723c751e8b465ee728b)  -> (artifact id: '5289e33ca56c9d936f743c5e8baadf7c') in 0.035160 seconds 
========================================================================
Received Import Request.
  Time since last request: 0.000491 seconds.
  path: Assets/Images/FlashyLoops/SuicideLoops/PsychoScreens_0007_Layer-6.png
  artifactKey: Guid(fb430d18caae03c4cb962ebb33e574de) Importer(815301076,1909f56bfc062723c751e8b465ee728b)
Start importing Assets/Images/FlashyLoops/SuicideLoops/PsychoScreens_0007_Layer-6.png using Guid(fb430d18caae03c4cb962ebb33e574de) Importer(815301076,1909f56bfc062723c751e8b465ee728b)  -> (artifact id: '3e43db0c793082528f31bb9c45aecc3c') in 0.035094 seconds 
========================================================================
Received Import Request.
  Time since last request: 0.000393 seconds.
  path: Assets/Images/FlashyLoops/SuicideLoops/PsychoScreens_0016_bush.png
  artifactKey: Guid(a2a5d457cb521e943b5ff06070cb9104) Importer(815301076,1909f56bfc062723c751e8b465ee728b)
Start importing Assets/Images/FlashyLoops/SuicideLoops/PsychoScreens_0016_bush.png using Guid(a2a5d457cb521e943b5ff06070cb9104) Importer(815301076,1909f56bfc062723c751e8b465ee728b)  -> (artifact id: 'e53ec5b4cec523d439510a290ead5f25') in 0.062316 seconds 
========================================================================
Received Import Request.
  Time since last request: 0.000385 seconds.
  path: Assets/Images/FlashyLoops/SuicideLoops/PsychoScreens_0009_Layer-4.png
  artifactKey: Guid(764187750ffeb1d4fb56f894ee2eb60f) Importer(815301076,1909f56bfc062723c751e8b465ee728b)
Start importing Assets/Images/FlashyLoops/SuicideLoops/PsychoScreens_0009_Layer-4.png using Guid(764187750ffeb1d4fb56f894ee2eb60f) Importer(815301076,1909f56bfc062723c751e8b465ee728b)  -> (artifact id: '46a3ead94e3e7874f839b9c365fcf14c') in 0.039922 seconds 
========================================================================
Received Import Request.
  Time since last request: 0.000418 seconds.
  path: Assets/Images/FlashyLoops/SuicideLoops/PsychoScreens_0017_hitler.png
  artifactKey: Guid(e502308dc3dfdfa43b413176addcf5b6) Importer(815301076,1909f56bfc062723c751e8b465ee728b)
Start importing Assets/Images/FlashyLoops/SuicideLoops/PsychoScreens_0017_hitler.png using Guid(e502308dc3dfdfa43b413176addcf5b6) Importer(815301076,1909f56bfc062723c751e8b465ee728b)  -> (artifact id: 'd64b5e216c456ca72629f3cbb299dff6') in 0.031759 seconds 
========================================================================
Received Import Request.
  Time since last request: 15.253543 seconds.
  path: Assets/Images
  artifactKey: Guid(be1a3dcca7ad9814e8de658c8269ea6a) Importer(815301076,1909f56bfc062723c751e8b465ee728b)
Start importing Assets/Images using Guid(be1a3dcca7ad9814e8de658c8269ea6a) Importer(815301076,1909f56bfc062723c751e8b465ee728b)  -> (artifact id: '78b46271b1df438ada4d336717d06478') in 0.007768 seconds 
========================================================================
Received Import Request.
  Time since last request: 43.452948 seconds.
  path: Assets/Images/FlashyLoops/SuicideLoops/PsychoScreens_0003_Layer-10.png
  artifactKey: Guid(b7616a75dbfd89e4fa4ee59671326da7) Importer(815301076,1909f56bfc062723c751e8b465ee728b)
Start importing Assets/Images/FlashyLoops/SuicideLoops/PsychoScreens_0003_Layer-10.png using Guid(b7616a75dbfd89e4fa4ee59671326da7) Importer(815301076,1909f56bfc062723c751e8b465ee728b)  -> (artifact id: 'de4abb58f13a39b9baab1558a71a4080') in 0.141717 seconds 
========================================================================
Received Import Request.
  Time since last request: 41055.978614 seconds.
  path: Assets/Images/FlashyLoops/SuicideLoops/PsychoScreens_0000_Layer-13.png
  artifactKey: Guid(723a9ef8a0a85c644831d8d6d2c841ba) Importer(815301076,1909f56bfc062723c751e8b465ee728b)
Start importing Assets/Images/FlashyLoops/SuicideLoops/PsychoScreens_0000_Layer-13.png using Guid(723a9ef8a0a85c644831d8d6d2c841ba) Importer(815301076,1909f56bfc062723c751e8b465ee728b)  -> (artifact id: '76799f532c7e014e1c2bdef07311047c') in 0.261348 seconds 
========================================================================
Received Import Request.
  Time since last request: 0.000298 seconds.
  path: Assets/Images/FlashyLoops/SuicideLoops/PsychoScreens_0001_Layer-12.png
  artifactKey: Guid(d052c18504415e947932ca0af49766a0) Importer(815301076,1909f56bfc062723c751e8b465ee728b)
Start importing Assets/Images/FlashyLoops/SuicideLoops/PsychoScreens_0001_Layer-12.png using Guid(d052c18504415e947932ca0af49766a0) Importer(815301076,1909f56bfc062723c751e8b465ee728b)  -> (artifact id: '3a7fe53de9ed73a4be4a7126cff1c1e4') in 0.174875 seconds 
========================================================================
Received Import Request.
  Time since last request: 0.000197 seconds.
  path: Assets/Images/FlashyLoops/SuicideLoops/PsychoScreens_0014_mikey.png
  artifactKey: Guid(5158095e1b4bfde4a9d9316a15397661) Importer(815301076,1909f56bfc062723c751e8b465ee728b)
Start importing Assets/Images/FlashyLoops/SuicideLoops/PsychoScreens_0014_mikey.png using Guid(5158095e1b4bfde4a9d9316a15397661) Importer(815301076,1909f56bfc062723c751e8b465ee728b)  -> (artifact id: '5a01750b5e313fce4bf85621bbc55a77') in 0.223939 seconds 
========================================================================
Received Import Request.
  Time since last request: 0.000311 seconds.
  path: Assets/Images/FlashyLoops/SuicideLoops/PsychoScreens_0011_Layer-2.png
  artifactKey: Guid(9357c8c83f7f5fd4fa835e8442f76e27) Importer(815301076,1909f56bfc062723c751e8b465ee728b)
Start importing Assets/Images/FlashyLoops/SuicideLoops/PsychoScreens_0011_Layer-2.png using Guid(9357c8c83f7f5fd4fa835e8442f76e27) Importer(815301076,1909f56bfc062723c751e8b465ee728b)  -> (artifact id: '284740443983095e29ad9d1dc5c2a1b1') in 0.150345 seconds 
========================================================================
Received Import Request.
  Time since last request: 0.000271 seconds.
  path: Assets/Images/FlashyLoops/SuicideLoops/PsychoScreens_0006_Layer-7.png
  artifactKey: Guid(690157ae2b3d53e40aaf658677316b94) Importer(815301076,1909f56bfc062723c751e8b465ee728b)
Start importing Assets/Images/FlashyLoops/SuicideLoops/PsychoScreens_0006_Layer-7.png using Guid(690157ae2b3d53e40aaf658677316b94) Importer(815301076,1909f56bfc062723c751e8b465ee728b)  -> (artifact id: '7eaa1395dd5c2216938d761c94131fec') in 0.248122 seconds 
========================================================================
Received Import Request.
  Time since last request: 0.000273 seconds.
  path: Assets/Images/FlashyLoops/SuicideLoops/PsychoScreens_0013_arnold1.png
  artifactKey: Guid(07bb26548f6665c4c935121530000771) Importer(815301076,1909f56bfc062723c751e8b465ee728b)
Start importing Assets/Images/FlashyLoops/SuicideLoops/PsychoScreens_0013_arnold1.png using Guid(07bb26548f6665c4c935121530000771) Importer(815301076,1909f56bfc062723c751e8b465ee728b)  -> (artifact id: '6f9029faeb31994dc14b0d60a6971521') in 0.195608 seconds 
========================================================================
Received Import Request.
  Time since last request: 0.000260 seconds.
  path: Assets/Images/FlashyLoops/SuicideLoops/PsychoScreens_0002_Layer-11.png
  artifactKey: Guid(17fbe0022add9a247b51736121e444f2) Importer(815301076,1909f56bfc062723c751e8b465ee728b)
Start importing Assets/Images/FlashyLoops/SuicideLoops/PsychoScreens_0002_Layer-11.png using Guid(17fbe0022add9a247b51736121e444f2) Importer(815301076,1909f56bfc062723c751e8b465ee728b)  -> (artifact id: '3f54fc8531684668d84419b68a7e5619') in 0.193412 seconds 
========================================================================
Received Import Request.
  Time since last request: 0.000271 seconds.
  path: Assets/Images/FlashyLoops/SuicideLoops/PsychoScreens_0005_Layer-8.png
  artifactKey: Guid(8b15532b0ab6689418eff693a2c7bac2) Importer(815301076,1909f56bfc062723c751e8b465ee728b)
Start importing Assets/Images/FlashyLoops/SuicideLoops/PsychoScreens_0005_Layer-8.png using Guid(8b15532b0ab6689418eff693a2c7bac2) Importer(815301076,1909f56bfc062723c751e8b465ee728b)  -> (artifact id: 'b147421861c3d68b68aaeeff0246c3a3') in 0.196834 seconds 
========================================================================
Received Import Request.
  Time since last request: 0.000240 seconds.
  path: Assets/Images/FlashyLoops/SuicideLoops/PsychoScreens_0008_Layer-5.png
  artifactKey: Guid(081a59a1f88fea247a17c508f94cfca3) Importer(815301076,1909f56bfc062723c751e8b465ee728b)
Start importing Assets/Images/FlashyLoops/SuicideLoops/PsychoScreens_0008_Layer-5.png using Guid(081a59a1f88fea247a17c508f94cfca3) Importer(815301076,1909f56bfc062723c751e8b465ee728b)  -> (artifact id: '69e92f8ad59f207044eb690dfea000be') in 0.161053 seconds 
========================================================================
Received Import Request.
  Time since last request: 0.000180 seconds.
  path: Assets/Images/FlashyLoops/SuicideLoops/PsychoScreens_0010_Layer-3.png
  artifactKey: Guid(de2a12695fd2e97469dc8c80b89a3293) Importer(815301076,1909f56bfc062723c751e8b465ee728b)
Start importing Assets/Images/FlashyLoops/SuicideLoops/PsychoScreens_0010_Layer-3.png using Guid(de2a12695fd2e97469dc8c80b89a3293) Importer(815301076,1909f56bfc062723c751e8b465ee728b)  -> (artifact id: '4423fd8f5ec4b3c2edbd5de0f50c9085') in 0.367477 seconds 
========================================================================
Received Import Request.
  Time since last request: 0.000244 seconds.
  path: Assets/Images/FlashyLoops/SuicideLoops/PsychoScreens_0015_ronald.png
  artifactKey: Guid(4d0368b1e32c09a46b3c11aa974c0607) Importer(815301076,1909f56bfc062723c751e8b465ee728b)
Start importing Assets/Images/FlashyLoops/SuicideLoops/PsychoScreens_0015_ronald.png using Guid(4d0368b1e32c09a46b3c11aa974c0607) Importer(815301076,1909f56bfc062723c751e8b465ee728b)  -> (artifact id: 'ff7f4df2e47718583ab9c287f485b023') in 0.171935 seconds 
========================================================================
Received Import Request.
  Time since last request: 0.000218 seconds.
  path: Assets/Images/FlashyLoops/SuicideLoops/PsychoScreens_0004_Layer-9.png
  artifactKey: Guid(73c5ee8c2c161fc4c93f9940694c1389) Importer(815301076,1909f56bfc062723c751e8b465ee728b)
Start importing Assets/Images/FlashyLoops/SuicideLoops/PsychoScreens_0004_Layer-9.png using Guid(73c5ee8c2c161fc4c93f9940694c1389) Importer(815301076,1909f56bfc062723c751e8b465ee728b)  -> (artifact id: '94fb81a3135744d13e7ee8e536b2b221') in 0.246110 seconds 
========================================================================
Received Import Request.
  Time since last request: 0.000222 seconds.
  path: Assets/Images/FlashyLoops/SuicideLoops/PsychoScreens_0012_Layer-1.png
  artifactKey: Guid(7dcdb303f2d7999498ca244e667cd2a3) Importer(815301076,1909f56bfc062723c751e8b465ee728b)
Start importing Assets/Images/FlashyLoops/SuicideLoops/PsychoScreens_0012_Layer-1.png using Guid(7dcdb303f2d7999498ca244e667cd2a3) Importer(815301076,1909f56bfc062723c751e8b465ee728b)  -> (artifact id: '32bc964cc8deb2bbb317867ad9a741d2') in 0.200126 seconds 
========================================================================
Received Import Request.
  Time since last request: 0.000225 seconds.
  path: Assets/Images/FlashyLoops/SuicideLoops/PsychoScreens_0007_Layer-6.png
  artifactKey: Guid(fb430d18caae03c4cb962ebb33e574de) Importer(815301076,1909f56bfc062723c751e8b465ee728b)
Start importing Assets/Images/FlashyLoops/SuicideLoops/PsychoScreens_0007_Layer-6.png using Guid(fb430d18caae03c4cb962ebb33e574de) Importer(815301076,1909f56bfc062723c751e8b465ee728b)  -> (artifact id: 'ee3e5eb86ee4c92b2f7169c6a551e30d') in 0.237543 seconds 
========================================================================
Received Import Request.
  Time since last request: 0.000193 seconds.
  path: Assets/Images/FlashyLoops/SuicideLoops/PsychoScreens_0016_bush.png
  artifactKey: Guid(a2a5d457cb521e943b5ff06070cb9104) Importer(815301076,1909f56bfc062723c751e8b465ee728b)
Start importing Assets/Images/FlashyLoops/SuicideLoops/PsychoScreens_0016_bush.png using Guid(a2a5d457cb521e943b5ff06070cb9104) Importer(815301076,1909f56bfc062723c751e8b465ee728b)  -> (artifact id: '6727767a24cebf9a7ecdd1291ff0618e') in 0.187921 seconds 
========================================================================
Received Import Request.
  Time since last request: 0.000461 seconds.
  path: Assets/Images/FlashyLoops/SuicideLoops/PsychoScreens_0009_Layer-4.png
  artifactKey: Guid(764187750ffeb1d4fb56f894ee2eb60f) Importer(815301076,1909f56bfc062723c751e8b465ee728b)
Start importing Assets/Images/FlashyLoops/SuicideLoops/PsychoScreens_0009_Layer-4.png using Guid(764187750ffeb1d4fb56f894ee2eb60f) Importer(815301076,1909f56bfc062723c751e8b465ee728b)  -> (artifact id: '96144331a0c254ef8b8522894b05efd8') in 0.423005 seconds 
========================================================================
Received Import Request.
  Time since last request: 0.000365 seconds.
  path: Assets/Images/FlashyLoops/SuicideLoops/PsychoScreens_0017_hitler.png
  artifactKey: Guid(e502308dc3dfdfa43b413176addcf5b6) Importer(815301076,1909f56bfc062723c751e8b465ee728b)
Start importing Assets/Images/FlashyLoops/SuicideLoops/PsychoScreens_0017_hitler.png using Guid(e502308dc3dfdfa43b413176addcf5b6) Importer(815301076,1909f56bfc062723c751e8b465ee728b)  -> (artifact id: '762d6991808722cdce4957d99de25930') in 0.216768 seconds 
========================================================================
Received Import Request.
  Time since last request: 1935.044537 seconds.
  path: Assets/Animation/FlashyLoops/SuicideSniper/suicideSniper_A.anim
  artifactKey: Guid(58b3e357a6cadf048b5a49275c8505bd) Importer(815301076,1909f56bfc062723c751e8b465ee728b)
Start importing Assets/Animation/FlashyLoops/SuicideSniper/suicideSniper_A.anim using Guid(58b3e357a6cadf048b5a49275c8505bd) Importer(815301076,1909f56bfc062723c751e8b465ee728b)  -> (artifact id: 'eb5f2f7eb6a430f546500400ed851d4e') in 0.017265 seconds 
========================================================================
Received Prepare
Registering precompiled user dll's ...
Registered in 0.001837 seconds.
Begin MonoManager ReloadAssembly
Native extension for WindowsStandalone target not found
Refreshing native plugins compatible for Editor in 0.86 ms, found 3 plugins.
Preloading 0 native plugins for Editor in 0.00 ms.
Mono: successfully reloaded assembly
- Completed reload, in  1.645 seconds
Domain Reload Profiling:
	ReloadAssembly (1646ms)
		BeginReloadAssembly (181ms)
			ExecutionOrderSort (0ms)
			DisableScriptedObjects (12ms)
			BackupInstance (0ms)
			ReleaseScriptingObjects (0ms)
			CreateAndSetChildDomain (61ms)
		EndReloadAssembly (1375ms)
			LoadAssemblies (139ms)
			RebuildTransferFunctionScriptingTraits (0ms)
			SetupTypeCache (463ms)
			ReleaseScriptCaches (1ms)
			RebuildScriptCaches (82ms)
			SetupLoadedEditorAssemblies (528ms)
				LogAssemblyErrors (0ms)
				InitializePlatformSupportModulesInManaged (11ms)
				SetLoadedEditorAssemblies (1ms)
				RefreshPlugins (1ms)
				BeforeProcessingInitializeOnLoad (119ms)
				ProcessInitializeOnLoadAttributes (365ms)
				ProcessInitializeOnLoadMethodAttributes (26ms)
				AfterProcessingInitializeOnLoad (5ms)
				EditorAssembliesLoaded (0ms)
			ExecutionOrderSort2 (0ms)
			AwakeInstancesAfterBackupRestoration (6ms)
Platform modules already initialized, skipping
Refreshing native plugins compatible for Editor in 1.10 ms, found 3 plugins.
Preloading 0 native plugins for Editor in 0.00 ms.
Unloading 2210 Unused Serialized files (Serialized files now loaded: 0)
System memory in use before: 100.4 MB.
System memory in use after: 100.4 MB.

Unloading 20 unused Assets to reduce memory usage. Loaded Objects now: 2657.
Total: 6.536200 ms (FindLiveObjects: 0.302400 ms CreateObjectMapping: 0.216800 ms MarkObjects: 5.768700 ms  DeleteObjects: 0.246300 ms)

AssetImportParameters requested are different than current active one (requested -> active):
  custom:framework-win-MediaFoundation: 216162199b28c13a410421893ffa2e32 -> 
  custom:video-decoder-ogg-theora: a1e56fd34408186e4bbccfd4996cb3dc -> 
  custom:container-muxer-webm: aa71ff27fc2769a1b78a27578f13a17b -> 
  custom:container-demuxer-webm: 4f35f7cbe854078d1ac9338744f61a02 -> 
  custom:container-demuxer-ogg: 62fdf1f143b41e24485cea50d1cbac27 -> 
  custom:video-encoder-webm-vp8: eb34c28f22e8b96e1ab97ce403110664 -> 
  custom:video-decoder-webm-vp8: 9c59270c3fd7afecdb556c50c9e8de78 -> 
  custom:audio-decoder-ogg-vorbis: bf7c407c2cedff20999df2af8eb42d56 -> 
  custom:audio-encoder-webm-vorbis: bf7c407c2cedff20999df2af8eb42d56 -> 
========================================================================
Received Import Request.
  Time since last request: 452.575028 seconds.
  path: Packages/com.unity.2d.animation/Editor/Assets/SkinningModule/Icons/Light/Weight_Slider@4x.png
  artifactKey: Guid(4e494ad3b858ecf4fab63aae9075d43d) Importer(815301076,1909f56bfc062723c751e8b465ee728b)
Start importing Packages/com.unity.2d.animation/Editor/Assets/SkinningModule/Icons/Light/Weight_Slider@4x.png using Guid(4e494ad3b858ecf4fab63aae9075d43d) Importer(815301076,1909f56bfc062723c751e8b465ee728b)  -> (artifact id: '4457666798b76d0199b1025bc11f2f16') in 0.176486 seconds 
========================================================================
Received Import Request.
  Time since last request: 2.883435 seconds.
  path: Packages/com.unity.2d.animation/Editor/Assets/SkinningModule/Icons/Selected/Weight_Slider@4x.png
  artifactKey: Guid(ac47ed8ccc79cf04dae198b9cc5b3a6f) Importer(815301076,1909f56bfc062723c751e8b465ee728b)
Start importing Packages/com.unity.2d.animation/Editor/Assets/SkinningModule/Icons/Selected/Weight_Slider@4x.png using Guid(ac47ed8ccc79cf04dae198b9cc5b3a6f) Importer(815301076,1909f56bfc062723c751e8b465ee728b)  -> (artifact id: '00baae9733c6a4c256cf07e0467915be') in 0.028467 seconds 
========================================================================
Received Import Request.
  Time since last request: 0.000380 seconds.
  path: Packages/com.unity.collab-proxy/Editor/PlasticSCM/Assets/Images/xlink.png
  artifactKey: Guid(556a2f3b046024d4c9621c1b4be5f0c1) Importer(815301076,1909f56bfc062723c751e8b465ee728b)
Start importing Packages/com.unity.collab-proxy/Editor/PlasticSCM/Assets/Images/xlink.png using Guid(556a2f3b046024d4c9621c1b4be5f0c1) Importer(815301076,1909f56bfc062723c751e8b465ee728b)  -> (artifact id: '974d03c23ca179da267d6153ac42f081') in 0.037735 seconds 
========================================================================
Received Prepare
Registering precompiled user dll's ...
Registered in 0.001801 seconds.
Begin MonoManager ReloadAssembly
Native extension for WindowsStandalone target not found
Refreshing native plugins compatible for Editor in 0.52 ms, found 3 plugins.
Preloading 0 native plugins for Editor in 0.00 ms.
Mono: successfully reloaded assembly
- Completed reload, in  1.133 seconds
Domain Reload Profiling:
	ReloadAssembly (1133ms)
		BeginReloadAssembly (108ms)
			ExecutionOrderSort (0ms)
			DisableScriptedObjects (7ms)
			BackupInstance (0ms)
			ReleaseScriptingObjects (0ms)
			CreateAndSetChildDomain (34ms)
		EndReloadAssembly (965ms)
			LoadAssemblies (87ms)
			RebuildTransferFunctionScriptingTraits (0ms)
			SetupTypeCache (297ms)
			ReleaseScriptCaches (1ms)
			RebuildScriptCaches (51ms)
			SetupLoadedEditorAssemblies (304ms)
				LogAssemblyErrors (0ms)
				InitializePlatformSupportModulesInManaged (4ms)
				SetLoadedEditorAssemblies (1ms)
				RefreshPlugins (1ms)
				BeforeProcessingInitializeOnLoad (64ms)
				ProcessInitializeOnLoadAttributes (213ms)
				ProcessInitializeOnLoadMethodAttributes (16ms)
				AfterProcessingInitializeOnLoad (4ms)
				EditorAssembliesLoaded (0ms)
			ExecutionOrderSort2 (0ms)
			AwakeInstancesAfterBackupRestoration (5ms)
Platform modules already initialized, skipping
Refreshing native plugins compatible for Editor in 0.76 ms, found 3 plugins.
Preloading 0 native plugins for Editor in 0.00 ms.
Unloading 2210 Unused Serialized files (Serialized files now loaded: 0)
System memory in use before: 100.6 MB.
System memory in use after: 100.6 MB.

Unloading 20 unused Assets to reduce memory usage. Loaded Objects now: 2665.
Total: 4.486200 ms (FindLiveObjects: 0.301600 ms CreateObjectMapping: 0.166400 ms MarkObjects: 3.856200 ms  DeleteObjects: 0.160600 ms)

AssetImportParameters requested are different than current active one (requested -> active):
  custom:framework-win-MediaFoundation: 216162199b28c13a410421893ffa2e32 -> 
  custom:video-decoder-ogg-theora: a1e56fd34408186e4bbccfd4996cb3dc -> 
  custom:container-muxer-webm: aa71ff27fc2769a1b78a27578f13a17b -> 
  custom:container-demuxer-webm: 4f35f7cbe854078d1ac9338744f61a02 -> 
  custom:container-demuxer-ogg: 62fdf1f143b41e24485cea50d1cbac27 -> 
  custom:video-encoder-webm-vp8: eb34c28f22e8b96e1ab97ce403110664 -> 
  custom:video-decoder-webm-vp8: 9c59270c3fd7afecdb556c50c9e8de78 -> 
  custom:audio-decoder-ogg-vorbis: bf7c407c2cedff20999df2af8eb42d56 -> 
  custom:audio-encoder-webm-vorbis: bf7c407c2cedff20999df2af8eb42d56 -> 
========================================================================
Received Import Request.
  Time since last request: 3213.942437 seconds.
  path: Assets/Images/FlashyLoops
  artifactKey: Guid(1a9baa121b2c0c9418ad3095349f6bc4) Importer(815301076,1909f56bfc062723c751e8b465ee728b)
Start importing Assets/Images/FlashyLoops using Guid(1a9baa121b2c0c9418ad3095349f6bc4) Importer(815301076,1909f56bfc062723c751e8b465ee728b)  -> (artifact id: '9a4207120a5bcb4e82bc9b692a439b5d') in 0.012485 seconds 
========================================================================
Received Import Request.
  Time since last request: 9.952008 seconds.
  path: Assets/Images/FlashyLoops/subAnimations
  artifactKey: Guid(9f473158e5eeaa146834615c64a96d5e) Importer(815301076,1909f56bfc062723c751e8b465ee728b)
Start importing Assets/Images/FlashyLoops/subAnimations using Guid(9f473158e5eeaa146834615c64a96d5e) Importer(815301076,1909f56bfc062723c751e8b465ee728b)  -> (artifact id: 'bbf6f8ac58492332888a0a146c3ea59e') in 0.007434 seconds 
========================================================================
Received Import Request.
  Time since last request: 1.933893 seconds.
  path: Assets/Images/FlashyLoops/flash.anim
  artifactKey: Guid(8cd8048448296d944b7288339f9976e8) Importer(815301076,1909f56bfc062723c751e8b465ee728b)
Start importing Assets/Images/FlashyLoops/flash.anim using Guid(8cd8048448296d944b7288339f9976e8) Importer(815301076,1909f56bfc062723c751e8b465ee728b)  -> (artifact id: 'a253c4f639452731051935915ef70b84') in 0.035639 seconds 
========================================================================
Received Import Request.
  Time since last request: 0.343035 seconds.
  path: Assets/Images/FlashyLoops/noiseOverlay.anim
  artifactKey: Guid(ac2a713f80173f546b0320868852d277) Importer(815301076,1909f56bfc062723c751e8b465ee728b)
Start importing Assets/Images/FlashyLoops/noiseOverlay.anim using Guid(ac2a713f80173f546b0320868852d277) Importer(815301076,1909f56bfc062723c751e8b465ee728b)  -> (artifact id: '33e511883110c0e64a499c7fbccb9c09') in 0.010562 seconds 
========================================================================
Received Import Request.
  Time since last request: 809.220664 seconds.
  path: Assets/Animation/FlashyLoops/SuicideSniper/suicideSniper_B.anim
  artifactKey: Guid(6064ed401d93bcc4988693e0e28def33) Importer(815301076,1909f56bfc062723c751e8b465ee728b)
Start importing Assets/Animation/FlashyLoops/SuicideSniper/suicideSniper_B.anim using Guid(6064ed401d93bcc4988693e0e28def33) Importer(815301076,1909f56bfc062723c751e8b465ee728b)  -> (artifact id: '1b44fe28f15d83516921546e65e7c27e') in 0.034782 seconds 
========================================================================
Received Prepare
Registering precompiled user dll's ...
Registered in 0.007054 seconds.
Begin MonoManager ReloadAssembly
Native extension for WindowsStandalone target not found
Refreshing native plugins compatible for Editor in 1.10 ms, found 3 plugins.
Preloading 0 native plugins for Editor in 0.00 ms.
Mono: successfully reloaded assembly
- Completed reload, in  6.380 seconds
Domain Reload Profiling:
	ReloadAssembly (6382ms)
		BeginReloadAssembly (599ms)
			ExecutionOrderSort (0ms)
			DisableScriptedObjects (43ms)
			BackupInstance (0ms)
			ReleaseScriptingObjects (0ms)
			CreateAndSetChildDomain (114ms)
		EndReloadAssembly (5467ms)
			LoadAssemblies (2647ms)
			RebuildTransferFunctionScriptingTraits (0ms)
			SetupTypeCache (1210ms)
			ReleaseScriptCaches (4ms)
			RebuildScriptCaches (189ms)
			SetupLoadedEditorAssemblies (1244ms)
				LogAssemblyErrors (0ms)
				InitializePlatformSupportModulesInManaged (18ms)
				SetLoadedEditorAssemblies (2ms)
				RefreshPlugins (1ms)
				BeforeProcessingInitializeOnLoad (218ms)
				ProcessInitializeOnLoadAttributes (884ms)
				ProcessInitializeOnLoadMethodAttributes (106ms)
				AfterProcessingInitializeOnLoad (13ms)
				EditorAssembliesLoaded (0ms)
			ExecutionOrderSort2 (0ms)
			AwakeInstancesAfterBackupRestoration (18ms)
Platform modules already initialized, skipping
Refreshing native plugins compatible for Editor in 1.63 ms, found 3 plugins.
Preloading 0 native plugins for Editor in 0.00 ms.
Unloading 2210 Unused Serialized files (Serialized files now loaded: 0)
System memory in use before: 100.6 MB.
System memory in use after: 100.6 MB.

Unloading 20 unused Assets to reduce memory usage. Loaded Objects now: 2668.
Total: 9.747300 ms (FindLiveObjects: 0.624100 ms CreateObjectMapping: 0.410400 ms MarkObjects: 8.196100 ms  DeleteObjects: 0.512300 ms)

AssetImportParameters requested are different than current active one (requested -> active):
  custom:framework-win-MediaFoundation: 216162199b28c13a410421893ffa2e32 -> 
  custom:video-decoder-ogg-theora: a1e56fd34408186e4bbccfd4996cb3dc -> 
  custom:container-muxer-webm: aa71ff27fc2769a1b78a27578f13a17b -> 
  custom:container-demuxer-webm: 4f35f7cbe854078d1ac9338744f61a02 -> 
  custom:container-demuxer-ogg: 62fdf1f143b41e24485cea50d1cbac27 -> 
  custom:video-encoder-webm-vp8: eb34c28f22e8b96e1ab97ce403110664 -> 
  custom:video-decoder-webm-vp8: 9c59270c3fd7afecdb556c50c9e8de78 -> 
  custom:audio-decoder-ogg-vorbis: bf7c407c2cedff20999df2af8eb42d56 -> 
  custom:audio-encoder-webm-vorbis: bf7c407c2cedff20999df2af8eb42d56 -> 
========================================================================
Received Prepare
Registering precompiled user dll's ...
Registered in 0.001568 seconds.
Begin MonoManager ReloadAssembly
Native extension for WindowsStandalone target not found
Refreshing native plugins compatible for Editor in 0.60 ms, found 3 plugins.
Preloading 0 native plugins for Editor in 0.00 ms.
Mono: successfully reloaded assembly
- Completed reload, in  1.056 seconds
Domain Reload Profiling:
	ReloadAssembly (1056ms)
		BeginReloadAssembly (113ms)
			ExecutionOrderSort (0ms)
			DisableScriptedObjects (8ms)
			BackupInstance (0ms)
			ReleaseScriptingObjects (0ms)
			CreateAndSetChildDomain (33ms)
		EndReloadAssembly (885ms)
			LoadAssemblies (93ms)
			RebuildTransferFunctionScriptingTraits (0ms)
			SetupTypeCache (285ms)
			ReleaseScriptCaches (1ms)
			RebuildScriptCaches (55ms)
			SetupLoadedEditorAssemblies (348ms)
				LogAssemblyErrors (0ms)
				InitializePlatformSupportModulesInManaged (5ms)
				SetLoadedEditorAssemblies (1ms)
				RefreshPlugins (1ms)
				BeforeProcessingInitializeOnLoad (64ms)
				ProcessInitializeOnLoadAttributes (256ms)
				ProcessInitializeOnLoadMethodAttributes (17ms)
				AfterProcessingInitializeOnLoad (4ms)
				EditorAssembliesLoaded (0ms)
			ExecutionOrderSort2 (0ms)
			AwakeInstancesAfterBackupRestoration (5ms)
Platform modules already initialized, skipping
Refreshing native plugins compatible for Editor in 0.54 ms, found 3 plugins.
Preloading 0 native plugins for Editor in 0.00 ms.
Unloading 2210 Unused Serialized files (Serialized files now loaded: 0)
System memory in use before: 100.6 MB.
System memory in use after: 100.6 MB.

Unloading 20 unused Assets to reduce memory usage. Loaded Objects now: 2671.
Total: 3.041400 ms (FindLiveObjects: 0.185200 ms CreateObjectMapping: 0.087700 ms MarkObjects: 2.622200 ms  DeleteObjects: 0.145600 ms)

AssetImportParameters requested are different than current active one (requested -> active):
  custom:framework-win-MediaFoundation: 216162199b28c13a410421893ffa2e32 -> 
  custom:video-decoder-ogg-theora: a1e56fd34408186e4bbccfd4996cb3dc -> 
  custom:container-muxer-webm: aa71ff27fc2769a1b78a27578f13a17b -> 
  custom:container-demuxer-webm: 4f35f7cbe854078d1ac9338744f61a02 -> 
  custom:container-demuxer-ogg: 62fdf1f143b41e24485cea50d1cbac27 -> 
  custom:video-encoder-webm-vp8: eb34c28f22e8b96e1ab97ce403110664 -> 
  custom:video-decoder-webm-vp8: 9c59270c3fd7afecdb556c50c9e8de78 -> 
  custom:audio-decoder-ogg-vorbis: bf7c407c2cedff20999df2af8eb42d56 -> 
  custom:audio-encoder-webm-vorbis: bf7c407c2cedff20999df2af8eb42d56 -> 
========================================================================
Received Prepare
Registering precompiled user dll's ...
Registered in 0.001712 seconds.
Begin MonoManager ReloadAssembly
Native extension for WindowsStandalone target not found
Refreshing native plugins compatible for Editor in 0.78 ms, found 3 plugins.
Preloading 0 native plugins for Editor in 0.00 ms.
Mono: successfully reloaded assembly
- Completed reload, in  1.339 seconds
Domain Reload Profiling:
	ReloadAssembly (1339ms)
		BeginReloadAssembly (116ms)
			ExecutionOrderSort (0ms)
			DisableScriptedObjects (7ms)
			BackupInstance (0ms)
			ReleaseScriptingObjects (0ms)
			CreateAndSetChildDomain (34ms)
		EndReloadAssembly (1138ms)
			LoadAssemblies (107ms)
			RebuildTransferFunctionScriptingTraits (0ms)
			SetupTypeCache (380ms)
			ReleaseScriptCaches (1ms)
			RebuildScriptCaches (50ms)
			SetupLoadedEditorAssemblies (464ms)
				LogAssemblyErrors (0ms)
				InitializePlatformSupportModulesInManaged (7ms)
				SetLoadedEditorAssemblies (1ms)
				RefreshPlugins (1ms)
				BeforeProcessingInitializeOnLoad (91ms)
				ProcessInitializeOnLoadAttributes (330ms)
				ProcessInitializeOnLoadMethodAttributes (28ms)
				AfterProcessingInitializeOnLoad (6ms)
				EditorAssembliesLoaded (0ms)
			ExecutionOrderSort2 (0ms)
			AwakeInstancesAfterBackupRestoration (7ms)
Platform modules already initialized, skipping
Refreshing native plugins compatible for Editor in 0.47 ms, found 3 plugins.
Preloading 0 native plugins for Editor in 0.00 ms.
Unloading 2210 Unused Serialized files (Serialized files now loaded: 0)
System memory in use before: 100.6 MB.
System memory in use after: 100.6 MB.

Unloading 20 unused Assets to reduce memory usage. Loaded Objects now: 2674.
Total: 2.929500 ms (FindLiveObjects: 0.166200 ms CreateObjectMapping: 0.087600 ms MarkObjects: 2.552900 ms  DeleteObjects: 0.121600 ms)

AssetImportParameters requested are different than current active one (requested -> active):
  custom:framework-win-MediaFoundation: 216162199b28c13a410421893ffa2e32 -> 
  custom:video-decoder-ogg-theora: a1e56fd34408186e4bbccfd4996cb3dc -> 
  custom:container-muxer-webm: aa71ff27fc2769a1b78a27578f13a17b -> 
  custom:container-demuxer-webm: 4f35f7cbe854078d1ac9338744f61a02 -> 
  custom:container-demuxer-ogg: 62fdf1f143b41e24485cea50d1cbac27 -> 
  custom:video-encoder-webm-vp8: eb34c28f22e8b96e1ab97ce403110664 -> 
  custom:video-decoder-webm-vp8: 9c59270c3fd7afecdb556c50c9e8de78 -> 
  custom:audio-decoder-ogg-vorbis: bf7c407c2cedff20999df2af8eb42d56 -> 
  custom:audio-encoder-webm-vorbis: bf7c407c2cedff20999df2af8eb42d56 -> 
========================================================================
Received Prepare
Registering precompiled user dll's ...
Registered in 0.001981 seconds.
Begin MonoManager ReloadAssembly
Native extension for WindowsStandalone target not found
Refreshing native plugins compatible for Editor in 0.50 ms, found 3 plugins.
Preloading 0 native plugins for Editor in 0.00 ms.
Mono: successfully reloaded assembly
- Completed reload, in  0.974 seconds
Domain Reload Profiling:
	ReloadAssembly (974ms)
		BeginReloadAssembly (108ms)
			ExecutionOrderSort (0ms)
			DisableScriptedObjects (6ms)
			BackupInstance (0ms)
			ReleaseScriptingObjects (0ms)
			CreateAndSetChildDomain (33ms)
		EndReloadAssembly (806ms)
			LoadAssemblies (89ms)
			RebuildTransferFunctionScriptingTraits (0ms)
			SetupTypeCache (281ms)
			ReleaseScriptCaches (1ms)
			RebuildScriptCaches (44ms)
			SetupLoadedEditorAssemblies (297ms)
				LogAssemblyErrors (0ms)
				InitializePlatformSupportModulesInManaged (5ms)
				SetLoadedEditorAssemblies (0ms)
				RefreshPlugins (1ms)
				BeforeProcessingInitializeOnLoad (59ms)
				ProcessInitializeOnLoadAttributes (211ms)
				ProcessInitializeOnLoadMethodAttributes (17ms)
				AfterProcessingInitializeOnLoad (4ms)
				EditorAssembliesLoaded (0ms)
			ExecutionOrderSort2 (0ms)
			AwakeInstancesAfterBackupRestoration (4ms)
Platform modules already initialized, skipping
Refreshing native plugins compatible for Editor in 0.54 ms, found 3 plugins.
Preloading 0 native plugins for Editor in 0.00 ms.
Unloading 2210 Unused Serialized files (Serialized files now loaded: 0)
System memory in use before: 100.7 MB.
System memory in use after: 100.6 MB.

Unloading 20 unused Assets to reduce memory usage. Loaded Objects now: 2677.
Total: 3.304800 ms (FindLiveObjects: 0.167300 ms CreateObjectMapping: 0.074700 ms MarkObjects: 2.930200 ms  DeleteObjects: 0.131900 ms)

AssetImportParameters requested are different than current active one (requested -> active):
  custom:framework-win-MediaFoundation: 216162199b28c13a410421893ffa2e32 -> 
  custom:video-decoder-ogg-theora: a1e56fd34408186e4bbccfd4996cb3dc -> 
  custom:container-muxer-webm: aa71ff27fc2769a1b78a27578f13a17b -> 
  custom:container-demuxer-webm: 4f35f7cbe854078d1ac9338744f61a02 -> 
  custom:container-demuxer-ogg: 62fdf1f143b41e24485cea50d1cbac27 -> 
  custom:video-encoder-webm-vp8: eb34c28f22e8b96e1ab97ce403110664 -> 
  custom:video-decoder-webm-vp8: 9c59270c3fd7afecdb556c50c9e8de78 -> 
  custom:audio-decoder-ogg-vorbis: bf7c407c2cedff20999df2af8eb42d56 -> 
  custom:audio-encoder-webm-vorbis: bf7c407c2cedff20999df2af8eb42d56 -> 
========================================================================
Received Prepare
Registering precompiled user dll's ...
Registered in 0.001654 seconds.
Begin MonoManager ReloadAssembly
Native extension for WindowsStandalone target not found
Refreshing native plugins compatible for Editor in 0.51 ms, found 3 plugins.
Preloading 0 native plugins for Editor in 0.00 ms.
Mono: successfully reloaded assembly
- Completed reload, in  1.069 seconds
Domain Reload Profiling:
	ReloadAssembly (1070ms)
		BeginReloadAssembly (136ms)
			ExecutionOrderSort (0ms)
			DisableScriptedObjects (6ms)
			BackupInstance (0ms)
			ReleaseScriptingObjects (0ms)
			CreateAndSetChildDomain (38ms)
		EndReloadAssembly (875ms)
			LoadAssemblies (120ms)
			RebuildTransferFunctionScriptingTraits (0ms)
			SetupTypeCache (305ms)
			ReleaseScriptCaches (1ms)
			RebuildScriptCaches (46ms)
			SetupLoadedEditorAssemblies (304ms)
				LogAssemblyErrors (0ms)
				InitializePlatformSupportModulesInManaged (5ms)
				SetLoadedEditorAssemblies (1ms)
				RefreshPlugins (1ms)
				BeforeProcessingInitializeOnLoad (61ms)
				ProcessInitializeOnLoadAttributes (216ms)
				ProcessInitializeOnLoadMethodAttributes (17ms)
				AfterProcessingInitializeOnLoad (4ms)
				EditorAssembliesLoaded (0ms)
			ExecutionOrderSort2 (0ms)
			AwakeInstancesAfterBackupRestoration (5ms)
Platform modules already initialized, skipping
Refreshing native plugins compatible for Editor in 0.50 ms, found 3 plugins.
Preloading 0 native plugins for Editor in 0.00 ms.
Unloading 2210 Unused Serialized files (Serialized files now loaded: 0)
System memory in use before: 100.7 MB.
System memory in use after: 100.6 MB.

Unloading 20 unused Assets to reduce memory usage. Loaded Objects now: 2680.
Total: 3.502200 ms (FindLiveObjects: 0.205800 ms CreateObjectMapping: 0.090100 ms MarkObjects: 3.062100 ms  DeleteObjects: 0.143100 ms)

AssetImportParameters requested are different than current active one (requested -> active):
  custom:framework-win-MediaFoundation: 216162199b28c13a410421893ffa2e32 -> 
  custom:video-decoder-ogg-theora: a1e56fd34408186e4bbccfd4996cb3dc -> 
  custom:container-muxer-webm: aa71ff27fc2769a1b78a27578f13a17b -> 
  custom:container-demuxer-webm: 4f35f7cbe854078d1ac9338744f61a02 -> 
  custom:container-demuxer-ogg: 62fdf1f143b41e24485cea50d1cbac27 -> 
  custom:video-encoder-webm-vp8: eb34c28f22e8b96e1ab97ce403110664 -> 
  custom:video-decoder-webm-vp8: 9c59270c3fd7afecdb556c50c9e8de78 -> 
  custom:audio-decoder-ogg-vorbis: bf7c407c2cedff20999df2af8eb42d56 -> 
  custom:audio-encoder-webm-vorbis: bf7c407c2cedff20999df2af8eb42d56 -> 
========================================================================
Received Import Request.
  Time since last request: 31940.326620 seconds.
  path: Assets/Images/FlashyLoops/BrutalBattleLoops/cut_1999.png
  artifactKey: Guid(422fbfb2261566e4c8cc21b3360eafca) Importer(815301076,1909f56bfc062723c751e8b465ee728b)
Start importing Assets/Images/FlashyLoops/BrutalBattleLoops/cut_1999.png using Guid(422fbfb2261566e4c8cc21b3360eafca) Importer(815301076,1909f56bfc062723c751e8b465ee728b)  -> (artifact id: '5a65f33bb398480f78a42e98b5ffe302') in 0.087312 seconds 
========================================================================
Received Import Request.
  Time since last request: 0.000313 seconds.
  path: Assets/Images/FlashyLoops/BrutalBattleLoops/bb_level.png
  artifactKey: Guid(9ac0740077e83a24abb76c80e953cbb5) Importer(815301076,1909f56bfc062723c751e8b465ee728b)
Start importing Assets/Images/FlashyLoops/BrutalBattleLoops/bb_level.png using Guid(9ac0740077e83a24abb76c80e953cbb5) Importer(815301076,1909f56bfc062723c751e8b465ee728b)  -> (artifact id: '388d5094dc8fec8b5298a17c5a60ad00') in 0.019225 seconds 
========================================================================
Received Import Request.
  Time since last request: 0.000323 seconds.
  path: Assets/Images/FlashyLoops/BrutalBattleLoops/cut_ageOfGore.png
  artifactKey: Guid(d4d28b3d96f547c48ad3769deeb6b725) Importer(815301076,1909f56bfc062723c751e8b465ee728b)
Start importing Assets/Images/FlashyLoops/BrutalBattleLoops/cut_ageOfGore.png using Guid(d4d28b3d96f547c48ad3769deeb6b725) Importer(815301076,1909f56bfc062723c751e8b465ee728b)  -> (artifact id: '64968c30eb04a5b8e1a7d9b9e59b3913') in 0.020536 seconds 
========================================================================
Received Import Request.
  Time since last request: 0.000328 seconds.
  path: Assets/Images/FlashyLoops/BrutalBattleLoops/cut_institutions.png
  artifactKey: Guid(62b5a90de19d93c48a61c5ed68226a0f) Importer(815301076,1909f56bfc062723c751e8b465ee728b)
Start importing Assets/Images/FlashyLoops/BrutalBattleLoops/cut_institutions.png using Guid(62b5a90de19d93c48a61c5ed68226a0f) Importer(815301076,1909f56bfc062723c751e8b465ee728b)  -> (artifact id: '3a1f1725432859256fc3ba695339fa4a') in 0.018415 seconds 
========================================================================
Received Import Request.
  Time since last request: 0.000259 seconds.
  path: Assets/Images/FlashyLoops/BrutalBattleLoops/cut_economy.png
  artifactKey: Guid(4b79b5f338489f043aca58f536776231) Importer(815301076,1909f56bfc062723c751e8b465ee728b)
Start importing Assets/Images/FlashyLoops/BrutalBattleLoops/cut_economy.png using Guid(4b79b5f338489f043aca58f536776231) Importer(815301076,1909f56bfc062723c751e8b465ee728b)  -> (artifact id: '21e53f41396bc4fafab5a264745b9d8c') in 0.023808 seconds 
========================================================================
Received Import Request.
  Time since last request: 4430.437890 seconds.
  path: Assets/Animation/FlashyLoops/BrutalBattle/BrutalBattle_A.anim
  artifactKey: Guid(f6dc41a876354964cbd049366460f87a) Importer(815301076,1909f56bfc062723c751e8b465ee728b)
Start importing Assets/Animation/FlashyLoops/BrutalBattle/BrutalBattle_A.anim using Guid(f6dc41a876354964cbd049366460f87a) Importer(815301076,1909f56bfc062723c751e8b465ee728b)  -> (artifact id: 'edbeb08d1129310feea83e5f2844d81c') in 0.007084 seconds 
========================================================================
Received Prepare
Registering precompiled user dll's ...
Registered in 0.001816 seconds.
Begin MonoManager ReloadAssembly
Native extension for WindowsStandalone target not found
Refreshing native plugins compatible for Editor in 0.48 ms, found 3 plugins.
Preloading 0 native plugins for Editor in 0.00 ms.
Mono: successfully reloaded assembly
- Completed reload, in  0.982 seconds
Domain Reload Profiling:
	ReloadAssembly (983ms)
		BeginReloadAssembly (116ms)
			ExecutionOrderSort (0ms)
			DisableScriptedObjects (6ms)
			BackupInstance (0ms)
			ReleaseScriptingObjects (0ms)
			CreateAndSetChildDomain (37ms)
		EndReloadAssembly (810ms)
			LoadAssemblies (91ms)
			RebuildTransferFunctionScriptingTraits (0ms)
			SetupTypeCache (271ms)
			ReleaseScriptCaches (1ms)
			RebuildScriptCaches (43ms)
			SetupLoadedEditorAssemblies (317ms)
				LogAssemblyErrors (0ms)
				InitializePlatformSupportModulesInManaged (5ms)
				SetLoadedEditorAssemblies (1ms)
				RefreshPlugins (1ms)
				BeforeProcessingInitializeOnLoad (58ms)
				ProcessInitializeOnLoadAttributes (232ms)
				ProcessInitializeOnLoadMethodAttributes (16ms)
				AfterProcessingInitializeOnLoad (4ms)
				EditorAssembliesLoaded (0ms)
			ExecutionOrderSort2 (0ms)
			AwakeInstancesAfterBackupRestoration (5ms)
Platform modules already initialized, skipping
Refreshing native plugins compatible for Editor in 2.11 ms, found 3 plugins.
Preloading 0 native plugins for Editor in 0.00 ms.
Unloading 2210 Unused Serialized files (Serialized files now loaded: 0)
System memory in use before: 100.7 MB.
System memory in use after: 100.6 MB.

Unloading 20 unused Assets to reduce memory usage. Loaded Objects now: 2686.
Total: 5.720400 ms (FindLiveObjects: 0.281800 ms CreateObjectMapping: 0.147800 ms MarkObjects: 5.072500 ms  DeleteObjects: 0.216900 ms)

AssetImportParameters requested are different than current active one (requested -> active):
  custom:framework-win-MediaFoundation: 216162199b28c13a410421893ffa2e32 -> 
  custom:video-decoder-ogg-theora: a1e56fd34408186e4bbccfd4996cb3dc -> 
  custom:container-muxer-webm: aa71ff27fc2769a1b78a27578f13a17b -> 
  custom:container-demuxer-webm: 4f35f7cbe854078d1ac9338744f61a02 -> 
  custom:container-demuxer-ogg: 62fdf1f143b41e24485cea50d1cbac27 -> 
  custom:video-encoder-webm-vp8: eb34c28f22e8b96e1ab97ce403110664 -> 
  custom:video-decoder-webm-vp8: 9c59270c3fd7afecdb556c50c9e8de78 -> 
  custom:audio-decoder-ogg-vorbis: bf7c407c2cedff20999df2af8eb42d56 -> 
  custom:audio-encoder-webm-vorbis: bf7c407c2cedff20999df2af8eb42d56 -> 
========================================================================
Received Import Request.
  Time since last request: 6950.873294 seconds.
  path: Assets/Animation/FlashyLoops/BrutalBattle/BrutalBattle_B.anim
  artifactKey: Guid(ae5ead2487a048d4a95dc729fa391738) Importer(815301076,1909f56bfc062723c751e8b465ee728b)
Start importing Assets/Animation/FlashyLoops/BrutalBattle/BrutalBattle_B.anim using Guid(ae5ead2487a048d4a95dc729fa391738) Importer(815301076,1909f56bfc062723c751e8b465ee728b)  -> (artifact id: 'f5b00d5470ce0fccf57ae09108e412b4') in 0.017460 seconds 
========================================================================
Received Import Request.
  Time since last request: 10.593346 seconds.
  path: Assets/Animation/FlashyLoops/BrutalBattle/B.controller
  artifactKey: Guid(cb695b78834b18c4ea50445ad3f6b459) Importer(815301076,1909f56bfc062723c751e8b465ee728b)
Start importing Assets/Animation/FlashyLoops/BrutalBattle/B.controller using Guid(cb695b78834b18c4ea50445ad3f6b459) Importer(815301076,1909f56bfc062723c751e8b465ee728b)  -> (artifact id: '2368ba4cba85538eef5be3e99061af11') in 0.012277 seconds 
========================================================================
Received Prepare
Registering precompiled user dll's ...
Registered in 0.005630 seconds.
Begin MonoManager ReloadAssembly
Native extension for WindowsStandalone target not found
Refreshing native plugins compatible for Editor in 1.04 ms, found 3 plugins.
Preloading 0 native plugins for Editor in 0.00 ms.
Mono: successfully reloaded assembly
- Completed reload, in  1.398 seconds
Domain Reload Profiling:
	ReloadAssembly (1398ms)
		BeginReloadAssembly (115ms)
			ExecutionOrderSort (0ms)
			DisableScriptedObjects (6ms)
			BackupInstance (0ms)
			ReleaseScriptingObjects (0ms)
			CreateAndSetChildDomain (38ms)
		EndReloadAssembly (1218ms)
			LoadAssemblies (98ms)
			RebuildTransferFunctionScriptingTraits (0ms)
			SetupTypeCache (442ms)
			ReleaseScriptCaches (1ms)
			RebuildScriptCaches (63ms)
			SetupLoadedEditorAssemblies (437ms)
				LogAssemblyErrors (0ms)
				InitializePlatformSupportModulesInManaged (13ms)
				SetLoadedEditorAssemblies (1ms)
				RefreshPlugins (1ms)
				BeforeProcessingInitializeOnLoad (117ms)
				ProcessInitializeOnLoadAttributes (276ms)
				ProcessInitializeOnLoadMethodAttributes (24ms)
				AfterProcessingInitializeOnLoad (5ms)
				EditorAssembliesLoaded (0ms)
			ExecutionOrderSort2 (0ms)
			AwakeInstancesAfterBackupRestoration (5ms)
Platform modules already initialized, skipping
Refreshing native plugins compatible for Editor in 2.27 ms, found 3 plugins.
Preloading 0 native plugins for Editor in 0.00 ms.
Unloading 2210 Unused Serialized files (Serialized files now loaded: 0)
System memory in use before: 100.6 MB.
System memory in use after: 100.6 MB.

Unloading 20 unused Assets to reduce memory usage. Loaded Objects now: 2689.
Total: 5.407100 ms (FindLiveObjects: 0.247700 ms CreateObjectMapping: 0.144000 ms MarkObjects: 4.808900 ms  DeleteObjects: 0.205000 ms)

AssetImportParameters requested are different than current active one (requested -> active):
  custom:framework-win-MediaFoundation: 216162199b28c13a410421893ffa2e32 -> 
  custom:video-decoder-ogg-theora: a1e56fd34408186e4bbccfd4996cb3dc -> 
  custom:container-muxer-webm: aa71ff27fc2769a1b78a27578f13a17b -> 
  custom:container-demuxer-webm: 4f35f7cbe854078d1ac9338744f61a02 -> 
  custom:container-demuxer-ogg: 62fdf1f143b41e24485cea50d1cbac27 -> 
  custom:video-encoder-webm-vp8: eb34c28f22e8b96e1ab97ce403110664 -> 
  custom:video-decoder-webm-vp8: 9c59270c3fd7afecdb556c50c9e8de78 -> 
  custom:audio-decoder-ogg-vorbis: bf7c407c2cedff20999df2af8eb42d56 -> 
  custom:audio-encoder-webm-vorbis: bf7c407c2cedff20999df2af8eb42d56 -> 
========================================================================
Received Import Request.
  Time since last request: 69356.261315 seconds.
  path: Assets/Animation/FlashyLoops/BrutalBattle/BrutalBattle_B.anim
  artifactKey: Guid(ae5ead2487a048d4a95dc729fa391738) Importer(815301076,1909f56bfc062723c751e8b465ee728b)
Start importing Assets/Animation/FlashyLoops/BrutalBattle/BrutalBattle_B.anim using Guid(ae5ead2487a048d4a95dc729fa391738) Importer(815301076,1909f56bfc062723c751e8b465ee728b)  -> (artifact id: 'ac3097cf78cfffb030dba6d728ebf024') in 0.091680 seconds 
========================================================================
Received Prepare
Registering precompiled user dll's ...
Registered in 0.002730 seconds.
Begin MonoManager ReloadAssembly
Native extension for WindowsStandalone target not found
Refreshing native plugins compatible for Editor in 0.55 ms, found 3 plugins.
Preloading 0 native plugins for Editor in 0.00 ms.
Mono: successfully reloaded assembly
- Completed reload, in  1.007 seconds
Domain Reload Profiling:
	ReloadAssembly (1008ms)
		BeginReloadAssembly (110ms)
			ExecutionOrderSort (0ms)
			DisableScriptedObjects (6ms)
			BackupInstance (0ms)
			ReleaseScriptingObjects (0ms)
			CreateAndSetChildDomain (33ms)
		EndReloadAssembly (838ms)
			LoadAssemblies (93ms)
			RebuildTransferFunctionScriptingTraits (0ms)
			SetupTypeCache (299ms)
			ReleaseScriptCaches (1ms)
			RebuildScriptCaches (46ms)
			SetupLoadedEditorAssemblies (307ms)
				LogAssemblyErrors (0ms)
				InitializePlatformSupportModulesInManaged (4ms)
				SetLoadedEditorAssemblies (0ms)
				RefreshPlugins (1ms)
				BeforeProcessingInitializeOnLoad (63ms)
				ProcessInitializeOnLoadAttributes (218ms)
				ProcessInitializeOnLoadMethodAttributes (16ms)
				AfterProcessingInitializeOnLoad (4ms)
				EditorAssembliesLoaded (0ms)
			ExecutionOrderSort2 (0ms)
			AwakeInstancesAfterBackupRestoration (5ms)
Platform modules already initialized, skipping
Refreshing native plugins compatible for Editor in 0.69 ms, found 3 plugins.
Preloading 0 native plugins for Editor in 0.00 ms.
Unloading 2210 Unused Serialized files (Serialized files now loaded: 0)
System memory in use before: 100.6 MB.
System memory in use after: 100.6 MB.

Unloading 20 unused Assets to reduce memory usage. Loaded Objects now: 2692.
Total: 3.793300 ms (FindLiveObjects: 0.204500 ms CreateObjectMapping: 0.103400 ms MarkObjects: 3.339700 ms  DeleteObjects: 0.144700 ms)

AssetImportParameters requested are different than current active one (requested -> active):
  custom:framework-win-MediaFoundation: 216162199b28c13a410421893ffa2e32 -> 
  custom:video-decoder-ogg-theora: a1e56fd34408186e4bbccfd4996cb3dc -> 
  custom:container-muxer-webm: aa71ff27fc2769a1b78a27578f13a17b -> 
  custom:container-demuxer-webm: 4f35f7cbe854078d1ac9338744f61a02 -> 
  custom:container-demuxer-ogg: 62fdf1f143b41e24485cea50d1cbac27 -> 
  custom:video-encoder-webm-vp8: eb34c28f22e8b96e1ab97ce403110664 -> 
  custom:video-decoder-webm-vp8: 9c59270c3fd7afecdb556c50c9e8de78 -> 
  custom:audio-decoder-ogg-vorbis: bf7c407c2cedff20999df2af8eb42d56 -> 
  custom:audio-encoder-webm-vorbis: bf7c407c2cedff20999df2af8eb42d56 -> 
AssetImportWorkerClient::OnTransportError - code=2 error=End of file
